<?xml version="1.0" encoding="UTF-8"?>
<!-- Generated by org.testng.reporters.JUnitXMLReporter -->
<testsuite hostname="MOHCHAUD-IN" ignored="2" name="Regression1" tests="5" failures="0" timestamp="28 Aug 2018 16:00:22 GMT" time="0.072" errors="0">
  <testcase name="testMethod1" time="0.008" classname="regression.TestRegression1"/>
  <testcase name="testMethod2" time="0.001" classname="regression.TestRegression1"/>
  <testcase name="testMethod1" time="0.001" classname="regression.TestRegression2"/>
  <testcase name="testMethod2" time="0.001" classname="regression.TestRegression2"/>
  <testcase name="testMethod3" time="0.001" classname="regression.TestRegression2"/>
  <testcase name="@BeforeSuite beforeSuite" time="0.0" classname="commonregression.TestCommon">
    <ignored/>
  </testcase> <!-- @BeforeSuite beforeSuite -->
  <testcase name="@AfterSuite afterSuite" time="0.0" classname="commonregression.TestCommon">
    <ignored/>
  </testcase> <!-- @AfterSuite afterSuite -->
</testsuite> <!-- Regression1 -->
