<?xml version="1.0" encoding="UTF-8"?>
<!-- Generated by org.testng.reporters.JUnitXMLReporter -->
<testsuite hostname="MOHCHAUD-IN" ignored="3" name="GroupsDemo" tests="2" failures="0" timestamp="28 Aug 2018 11:23:33 GMT" time="0.098" errors="0">
  <testcase name="testMethod4" time="0.038" classname="testclasses.TestGrouping"/>
  <testcase name="testMethod5" time="0.003" classname="testclasses.TestGrouping"/>
  <testcase name="testMethod1" time="0.0" classname="testclasses.TestGrouping">
    <ignored/>
  </testcase> <!-- testMethod1 -->
  <testcase name="testMethod3" time="0.0" classname="testclasses.TestGrouping">
    <ignored/>
  </testcase> <!-- testMethod3 -->
  <testcase name="testMethod2" time="0.0" classname="testclasses.TestGrouping">
    <ignored/>
  </testcase> <!-- testMethod2 -->
</testsuite> <!-- GroupsDemo -->
