<?xml version="1.0" encoding="UTF-8"?>
<!-- Generated by org.testng.reporters.JUnitXMLReporter -->
<testsuite hostname="MOHCHAUD-IN" ignored="2" name="GroupsDemo2" tests="3" failures="0" timestamp="28 Aug 2018 11:34:17 GMT" time="0.173" errors="0">
  <testcase name="testMethod1" time="0.022" classname="testclasses.TestGrouping"/>
  <testcase name="testMethod2" time="0.004" classname="testclasses.TestGrouping"/>
  <testcase name="testMethod3" time="0.005" classname="testclasses.TestGrouping"/>
  <testcase name="testMethod5" time="0.0" classname="testclasses.TestGrouping">
    <ignored/>
  </testcase> <!-- testMethod5 -->
  <testcase name="testMethod4" time="0.0" classname="testclasses.TestGrouping">
    <ignored/>
  </testcase> <!-- testMethod4 -->
</testsuite> <!-- GroupsDemo2 -->
