<?xml version="1.0" encoding="UTF-8"?>
<!-- Generated by org.testng.reporters.JUnitXMLReporter -->
<testsuite hostname="MOHCHAUD-IN" ignored="0" name="Regression" tests="5" failures="0" timestamp="28 Aug 2018 10:20:04 GMT" time="0.087" errors="0">
  <testcase name="testMethod1" time="0.007" classname="regression.TestRegression1"/>
  <testcase name="testMethod2" time="0.002" classname="regression.TestRegression1"/>
  <testcase name="testMethod1" time="0.002" classname="regression.TestRegression2"/>
  <testcase name="testMethod2" time="0.001" classname="regression.TestRegression2"/>
  <testcase name="testMethod3" time="0.001" classname="regression.TestRegression2"/>
</testsuite> <!-- Regression -->
